2021/10/22 14:41:29 [notice] 1#1: using the "epoll" event method
2021/10/22 14:41:29 [notice] 1#1: nginx/1.21.3
2021/10/22 14:41:29 [notice] 1#1: built by gcc 8.3.0 (Debian 8.3.0-6) 
2021/10/22 14:41:29 [notice] 1#1: OS: Linux 5.10.0-8-amd64
2021/10/22 14:41:29 [notice] 1#1: getrlimit(RLIMIT_NOFILE): 1048576:1048576
2021/10/22 14:41:29 [notice] 1#1: start worker processes
2021/10/22 14:41:29 [notice] 1#1: start worker process 30
2021/10/22 14:41:29 [notice] 1#1: start worker process 31
2021/10/22 14:41:50 [warn] 30#30: *1 an upstream response is buffered to a temporary file /var/cache/nginx/proxy_temp/1/00/0000000001 while reading upstream, client: 192.168.0.27, server: , request: "GET /swagger-ui-bundle.js HTTP/1.1", upstream: "http://172.18.0.2:3000/swagger-ui-bundle.js", host: "192.168.0.11", referrer: "http://192.168.0.11/"
2021/10/22 14:41:50 [warn] 30#30: *6 an upstream response is buffered to a temporary file /var/cache/nginx/proxy_temp/2/00/0000000002 while reading upstream, client: 192.168.0.27, server: , request: "GET /swagger-ui-standalone-preset.js HTTP/1.1", upstream: "http://172.18.0.3:3000/swagger-ui-standalone-preset.js", host: "192.168.0.11", referrer: "http://192.168.0.11/"
2021/10/22 14:45:10 [notice] 1#1: signal 3 (SIGQUIT) received, shutting down
2021/10/22 14:45:10 [notice] 31#31: gracefully shutting down
2021/10/22 14:45:10 [notice] 31#31: exiting
2021/10/22 14:45:10 [notice] 30#30: gracefully shutting down
2021/10/22 14:45:10 [notice] 30#30: exiting
2021/10/22 14:45:10 [notice] 31#31: exit
2021/10/22 14:45:10 [notice] 30#30: exit
2021/10/22 14:45:10 [notice] 1#1: signal 17 (SIGCHLD) received from 31
2021/10/22 14:45:10 [notice] 1#1: worker process 31 exited with code 0
2021/10/22 14:45:10 [notice] 1#1: signal 29 (SIGIO) received
2021/10/22 14:45:10 [notice] 1#1: signal 17 (SIGCHLD) received from 30
2021/10/22 14:45:10 [notice] 1#1: worker process 30 exited with code 0
2021/10/22 14:45:10 [notice] 1#1: exit
2021/10/22 14:45:13 [notice] 1#1: using the "epoll" event method
2021/10/22 14:45:13 [notice] 1#1: nginx/1.21.3
2021/10/22 14:45:13 [notice] 1#1: built by gcc 8.3.0 (Debian 8.3.0-6) 
2021/10/22 14:45:13 [notice] 1#1: OS: Linux 5.10.0-8-amd64
2021/10/22 14:45:13 [notice] 1#1: getrlimit(RLIMIT_NOFILE): 1048576:1048576
2021/10/22 14:45:13 [notice] 1#1: start worker processes
2021/10/22 14:45:13 [notice] 1#1: start worker process 31
2021/10/22 14:45:13 [notice] 1#1: start worker process 32
2021/10/22 14:46:31 [notice] 1#1: signal 3 (SIGQUIT) received, shutting down
2021/10/22 14:46:31 [notice] 31#31: gracefully shutting down
2021/10/22 14:46:31 [notice] 32#32: gracefully shutting down
2021/10/22 14:46:31 [notice] 32#32: exiting
2021/10/22 14:46:31 [notice] 32#32: exit
2021/10/22 14:46:31 [notice] 31#31: exiting
2021/10/22 14:46:31 [notice] 31#31: exit
2021/10/22 14:46:31 [notice] 1#1: signal 17 (SIGCHLD) received from 32
2021/10/22 14:46:31 [notice] 1#1: worker process 32 exited with code 0
2021/10/22 14:46:31 [notice] 1#1: signal 29 (SIGIO) received
2021/10/22 14:46:31 [notice] 1#1: signal 17 (SIGCHLD) received from 31
2021/10/22 14:46:31 [notice] 1#1: worker process 31 exited with code 0
2021/10/22 14:46:31 [notice] 1#1: exit
2021/10/22 14:46:34 [notice] 1#1: using the "epoll" event method
2021/10/22 14:46:34 [notice] 1#1: nginx/1.21.3
2021/10/22 14:46:34 [notice] 1#1: built by gcc 8.3.0 (Debian 8.3.0-6) 
2021/10/22 14:46:34 [notice] 1#1: OS: Linux 5.10.0-8-amd64
2021/10/22 14:46:34 [notice] 1#1: getrlimit(RLIMIT_NOFILE): 1048576:1048576
2021/10/22 14:46:34 [notice] 1#1: start worker processes
2021/10/22 14:46:34 [notice] 1#1: start worker process 32
2021/10/22 14:46:34 [notice] 1#1: start worker process 33
